-- The C compiler identification is GNU 9.3.0
-- The CXX compiler identification is GNU 9.3.0
-- Check for working C compiler: /usr/bin/cc
-- Check for working C compiler: /usr/bin/cc -- works
-- Detecting C compiler ABI info
-- Detecting C compiler ABI info - done
-- Detecting C compile features
-- Detecting C compile features - done
-- Check for working CXX compiler: /usr/bin/c++
-- Check for working CXX compiler: /usr/bin/c++ -- works
-- Detecting CXX compiler ABI info
-- Detecting CXX compiler ABI info - done
-- Detecting CXX compile features
-- Detecting CXX compile features - done
-- Found ament_cmake: 0.9.9 (/opt/ros/foxy/share/ament_cmake/cmake)
-- Found PythonInterp: /usr/bin/python3 (found suitable version "3.8.10", minimum required is "3") 
-- Using PYTHON_EXECUTABLE: /usr/bin/python3
-- Found rclcpp: 2.4.0 (/opt/ros/foxy/share/rclcpp/cmake)
-- Using all available rosidl_typesupport_c: rosidl_typesupport_fastrtps_c;rosidl_typesupport_introspection_c
-- Found rosidl_adapter: 1.2.1 (/opt/ros/foxy/share/rosidl_adapter/cmake)
-- Found OpenSSL: /usr/lib/x86_64-linux-gnu/libcrypto.so (found version "1.1.1f")  
-- Found FastRTPS: /opt/ros/foxy/include  
-- Using all available rosidl_typesupport_cpp: rosidl_typesupport_fastrtps_cpp;rosidl_typesupport_introspection_cpp
-- Found rmw_implementation_cmake: 1.0.3 (/opt/ros/foxy/share/rmw_implementation_cmake/cmake)
-- Using RMW implementation 'rmw_fastrtps_cpp' as default
-- Looking for pthread.h
-- Looking for pthread.h - found
-- Performing Test CMAKE_HAVE_LIBC_PTHREAD
-- Performing Test CMAKE_HAVE_LIBC_PTHREAD - Failed
-- Looking for pthread_create in pthreads
-- Looking for pthread_create in pthreads - not found
-- Looking for pthread_create in pthread
-- Looking for pthread_create in pthread - found
-- Found Threads: TRUE  
-- Found sensor_msgs: 2.0.4 (/opt/ros/foxy/share/sensor_msgs/cmake)
-- Found robot_patrol_interface: 0.0.0 (/home/user/ros2_ws/install/robot_patrol_interface/share/robot_patrol_interface/cmake)
-- Found ament_lint_auto: 0.9.6 (/opt/ros/foxy/share/ament_lint_auto/cmake)
-- Added test 'copyright' to check source files copyright and LICENSE
-- Added test 'cppcheck' to perform static code analysis on C / C++ code
-- Configured cppcheck include dirs: /home/user/ros2_ws/src/citylab_project/robot_patrol/include
-- Configured cppcheck exclude dirs and/or files: 
-- Added test 'cpplint' to check C / C++ code against the Google style
-- Configured cpplint exclude dirs and/or files: 
-- Added test 'flake8' to check Python code syntax and style conventions
-- Added test 'lint_cmake' to check CMake code style
-- Added test 'pep257' to check Python code against some of the style conventions in PEP 257
-- Added test 'uncrustify' to check C / C++ code style
-- Configured uncrustify additional arguments: 
-- Added test 'xmllint' to check XML markup files
-- Configuring done
-- Generating done
-- Build files have been written to: /home/user/ros2_ws/src/citylab_project/build/robot_patrol
[35m[1mScanning dependencies of target direction_service_lib[0m
[ 16%] [32mBuilding CXX object CMakeFiles/direction_service_lib.dir/src/direction_service.cpp.o[0m
[01m[K/home/user/ros2_ws/src/citylab_project/robot_patrol/src/direction_service.cpp:[m[K In member function '[01m[Kvoid DirectionService::timer1_callback()[m[K':
[01m[K/home/user/ros2_ws/src/citylab_project/robot_patrol/src/direction_service.cpp:31:11:[m[K [01;35m[Kwarning: [m[Kunused variable '[01m[Kmax_value[m[K' [[01;35m[K-Wunused-variable[m[K]
   31 |     float [01;35m[Kmax_value[m[K = std::max(middle_temp, std::max(left_temp, right_temp));
      |           [01;35m[K^~~~~~~~~[m[K
[01m[K/home/user/ros2_ws/src/citylab_project/robot_patrol/src/direction_service.cpp:[m[K At global scope:
[01m[K/home/user/ros2_ws/src/citylab_project/robot_patrol/src/direction_service.cpp:75:3:[m[K [01;31m[Kerror: [m[Kexpected unqualified-id before '[01m[Kif[m[K'
   75 |   [01;31m[Kif[m[K (forward) {
      |   [01;31m[K^~[m[K
[01m[K/home/user/ros2_ws/src/citylab_project/robot_patrol/src/direction_service.cpp:79:3:[m[K [01;31m[Kerror: [m[Kexpected unqualified-id before '[01m[Kif[m[K'
   79 |   [01;31m[Kif[m[K (left) {
      |   [01;31m[K^~[m[K
[01m[K/home/user/ros2_ws/src/citylab_project/robot_patrol/src/direction_service.cpp:83:3:[m[K [01;31m[Kerror: [m[Kexpected unqualified-id before '[01m[Kif[m[K'
   83 |   [01;31m[Kif[m[K (right) {
      |   [01;31m[K^~[m[K
make[2]: *** [CMakeFiles/direction_service_lib.dir/build.make:63: CMakeFiles/direction_service_lib.dir/src/direction_service.cpp.o] Error 1
make[1]: *** [CMakeFiles/Makefile2:136: CMakeFiles/direction_service_lib.dir/all] Error 2
make: *** [Makefile:141: all] Error 2
